{"level":"info","time":"2026-07-02T16:21:19Z","message":"Database connected"}
{"level":"info","time":"2026-07-02T16:21:19Z","message":"Connected to Redis successfully"}
{"level":"info","addr":":8080","time":"2026-07-02T16:21:19Z","message":"Server is running"}
{"level":"info","env_path":"/app/.env","time":"2026-07-02T16:22:04Z","message":"Loaded .env successfully"}
{"level":"info","time":"2026-07-02T16:22:04Z","message":"Database connected"}
{"level":"info","time":"2026-07-02T16:22:04Z","message":"Connected to Redis successfully"}
{"level":"info","addr":":8080","time":"2026-07-02T16:22:04Z","message":"Server is running"}
{"level":"info","env_path":"/Users/lenghia/Projects/hoc-lap-trinh-restful-api-voi-gin-framework/lesson12-project-shopping-cart/.env","time":"2026-07-02T23:23:18+07:00","message":"Loaded .env successfully"}
{"level":"fatal","error":"DB ping error failed to connect to `user=root database=master-golang`: hostname resolving error: lookup db: no such host","time":"2026-07-02T23:23:18+07:00","message":"Failed to initialize database"}
{"level":"info","env_path":"/app/.env","time":"2026-07-02T16:25:59Z","message":"Loaded .env successfully"}
{"level":"info","time":"2026-07-02T16:25:59Z","message":"Database connected"}
{"level":"info","time":"2026-07-02T16:25:59Z","message":"Connected to Redis successfully"}
{"level":"info","addr":":8080","time":"2026-07-02T16:25:59Z","message":"Server is running"}
{"level":"info","env_path":"/app/.env","time":"2026-07-02T16:26:12Z","message":"Loaded .env successfully"}
{"level":"info","time":"2026-07-02T16:26:12Z","message":"Database connected"}
{"level":"info","time":"2026-07-02T16:26:12Z","message":"Connected to Redis successfully"}
{"level":"info","addr":":8080","time":"2026-07-02T16:26:12Z","message":"Server is running"}
{"level":"info","env_path":"/app/.env","time":"2026-07-02T16:27:34Z","message":"Loaded .env successfully"}
{"level":"info","time":"2026-07-02T16:27:34Z","message":"Database connected"}
{"level":"info","time":"2026-07-02T16:27:34Z","message":"Connected to Redis successfully"}
{"level":"info","addr":":8080","time":"2026-07-02T16:27:34Z","message":"Server is running"}
{"level":"info","env_path":"/app/.env","time":"2026-07-02T16:27:52Z","message":"Loaded .env successfully"}
{"level":"info","time":"2026-07-02T16:27:52Z","message":"Database connected"}
{"level":"info","time":"2026-07-02T16:27:52Z","message":"Connected to Redis successfully"}
{"level":"info","addr":":8080","time":"2026-07-02T16:27:52Z","message":"Server is running"}
{"level":"info","env_path":"/app/.env","time":"2026-07-02T16:27:56Z","message":"Loaded .env successfully"}
{"level":"info","time":"2026-07-02T16:27:56Z","message":"Database connected"}
{"level":"info","time":"2026-07-02T16:27:56Z","message":"Connected to Redis successfully"}
{"level":"info","addr":":8080","time":"2026-07-02T16:27:56Z","message":"Server is running"}
{"level":"info","env_path":"/app/.env","time":"2026-07-02T16:28:09Z","message":"Loaded .env successfully"}
{"level":"info","time":"2026-07-02T16:28:09Z","message":"Database connected"}
{"level":"info","time":"2026-07-02T16:28:09Z","message":"Connected to Redis successfully"}
{"level":"info","addr":":8080","time":"2026-07-02T16:28:09Z","message":"Server is running"}
{"level":"info","env_path":"/app/.env","time":"2026-07-02T16:28:17Z","message":"Loaded .env successfully"}
{"level":"info","time":"2026-07-02T16:28:17Z","message":"Database connected"}
{"level":"info","time":"2026-07-02T16:28:17Z","message":"Connected to Redis successfully"}
{"level":"info","addr":":8080","time":"2026-07-02T16:28:17Z","message":"Server is running"}
{"level":"info","env_path":"/app/.env","time":"2026-07-02T16:29:41Z","message":"Loaded .env successfully"}
{"level":"info","time":"2026-07-02T16:29:41Z","message":"Database connected"}
{"level":"info","time":"2026-07-02T16:29:41Z","message":"Connected to Redis successfully"}
{"level":"info","addr":":8080","time":"2026-07-02T16:29:41Z","message":"Server is running"}
{"level":"info","env_path":"/app/.env","time":"2026-07-02T16:32:18Z","message":"✅ Loaded .env successfully"}
{"level":"info","time":"2026-07-02T16:32:18Z","message":"Database connected"}
{"level":"info","time":"2026-07-02T16:32:18Z","message":"Connected to Redis successfully"}
{"level":"info","addr":":8080","time":"2026-07-02T16:32:18Z","message":"🍺 Server is running"}
{"level":"info","env_path":"/app/.env","time":"2026-07-02T16:35:21Z","message":"✅ Loaded .env successfully"}
{"level":"info","time":"2026-07-02T16:35:21Z","message":"Database connected"}
{"level":"info","time":"2026-07-02T16:35:21Z","message":"Connected to Redis successfully"}
{"level":"info","addr":":8080","time":"2026-07-02T16:35:21Z","message":"🍺 Server is running"}
{"level":"info","env_path":"/app/.env","time":"2026-07-08T15:03:34Z","message":"✅ Loaded .env successfully"}
{"level":"info","time":"2026-07-08T15:03:34Z","message":"Database connected"}
{"level":"info","time":"2026-07-08T15:03:34Z","message":"Connected to Redis successfully"}
{"level":"info","addr":":8080","time":"2026-07-08T15:03:34Z","message":"🍺 Server is running"}
{"level":"info","env_path":"/app/.env","time":"2026-07-08T15:15:57Z","message":"✅ Loaded .env successfully"}
{"level":"info","time":"2026-07-08T15:15:57Z","message":"Database connected"}
{"level":"info","time":"2026-07-08T15:15:57Z","message":"Connected to Redis successfully"}
{"level":"info","addr":":8080","time":"2026-07-08T15:15:57Z","message":"🍺 Server is running"}
{"level":"info","env_path":"/app/.env","time":"2026-07-08T15:18:52Z","message":"✅ Loaded .env successfully"}
{"level":"info","time":"2026-07-08T15:18:52Z","message":"Database connected"}
{"level":"info","time":"2026-07-08T15:18:52Z","message":"Connected to Redis successfully"}
{"level":"info","addr":":8080","time":"2026-07-08T15:18:52Z","message":"🍺 Server is running"}
{"level":"info","env_path":"/app/.env","time":"2026-07-08T15:19:19Z","message":"✅ Loaded .env successfully"}
{"level":"info","time":"2026-07-08T15:19:19Z","message":"Database connected"}
{"level":"info","time":"2026-07-08T15:19:19Z","message":"Connected to Redis successfully"}
{"level":"info","addr":":8080","time":"2026-07-08T15:19:19Z","message":"🍺 Server is running"}
{"level":"info","env_path":"/app/.env","time":"2026-07-08T15:23:35Z","message":"✅ Loaded .env successfully"}
{"level":"info","time":"2026-07-08T15:23:35Z","message":"Database connected"}
{"level":"info","time":"2026-07-08T15:23:35Z","message":"Connected to Redis successfully"}
{"level":"info","addr":":8080","time":"2026-07-08T15:23:35Z","message":"🍺 Server is running"}
{"level":"info","env_path":"/app/.env","time":"2026-07-08T15:23:36Z","message":"✅ Loaded .env successfully"}
{"level":"info","time":"2026-07-08T15:23:36Z","message":"Database connected"}
{"level":"info","time":"2026-07-08T15:23:36Z","message":"Connected to Redis successfully"}
{"level":"info","addr":":8080","time":"2026-07-08T15:23:36Z","message":"🍺 Server is running"}
{"level":"info","env_path":"/app/.env","time":"2026-07-08T15:23:42Z","message":"✅ Loaded .env successfully"}
{"level":"info","time":"2026-07-08T15:23:42Z","message":"Database connected"}
{"level":"info","time":"2026-07-08T15:23:42Z","message":"Connected to Redis successfully"}
{"level":"info","addr":":8080","time":"2026-07-08T15:23:42Z","message":"🍺 Server is running"}
{"level":"info","env_path":"/app/.env","time":"2026-07-08T15:23:44Z","message":"✅ Loaded .env successfully"}
{"level":"info","time":"2026-07-08T15:23:44Z","message":"Database connected"}
{"level":"info","time":"2026-07-08T15:23:44Z","message":"Connected to Redis successfully"}
{"level":"info","addr":":8080","time":"2026-07-08T15:23:44Z","message":"🍺 Server is running"}
{"level":"info","env_path":"/app/.env","time":"2026-07-08T15:25:11Z","message":"✅ Loaded .env successfully"}
{"level":"info","time":"2026-07-08T15:25:11Z","message":"Database connected"}
{"level":"info","time":"2026-07-08T15:25:11Z","message":"Connected to Redis successfully"}
{"level":"info","addr":":8080","time":"2026-07-08T15:25:11Z","message":"🍺 Server is running"}
{"level":"info","env_path":"/app/.env","time":"2026-07-08T15:29:46Z","message":"✅ Loaded .env successfully"}
{"level":"info","time":"2026-07-08T15:29:46Z","message":"Database connected"}
{"level":"info","time":"2026-07-08T15:29:46Z","message":"Connected to Redis successfully"}
{"level":"info","addr":":8080","time":"2026-07-08T15:29:46Z","message":"🍺 Server is running"}
{"level":"info","env_path":"/app/.env","time":"2026-07-08T15:30:01Z","message":"✅ Loaded .env successfully"}
{"level":"info","time":"2026-07-08T15:30:01Z","message":"Database connected"}
{"level":"info","time":"2026-07-08T15:30:01Z","message":"Connected to Redis successfully"}
{"level":"info","addr":":8080","time":"2026-07-08T15:30:01Z","message":"🍺 Server is running"}
{"level":"info","env_path":"/app/.env","time":"2026-07-08T15:31:08Z","message":"✅ Loaded .env successfully"}
{"level":"info","time":"2026-07-08T15:31:08Z","message":"Database connected"}
{"level":"info","time":"2026-07-08T15:31:08Z","message":"Connected to Redis successfully"}
{"level":"info","addr":":8080","time":"2026-07-08T15:31:08Z","message":"🍺 Server is running"}
{"level":"info","env_path":"/app/.env","time":"2026-07-08T15:31:38Z","message":"✅ Loaded .env successfully"}
{"level":"info","time":"2026-07-08T15:31:38Z","message":"Database connected"}
{"level":"info","time":"2026-07-08T15:31:38Z","message":"Connected to Redis successfully"}
{"level":"info","addr":":8080","time":"2026-07-08T15:31:38Z","message":"🍺 Server is running"}
{"level":"info","env_path":"/app/.env","time":"2026-07-08T15:32:41Z","message":"✅ Loaded .env successfully"}
{"level":"info","time":"2026-07-08T15:32:41Z","message":"Database connected"}
{"level":"info","time":"2026-07-08T15:32:41Z","message":"Connected to Redis successfully"}
{"level":"info","addr":":8080","time":"2026-07-08T15:32:41Z","message":"🍺 Server is running"}
{"level":"info","env_path":"/app/.env","time":"2026-07-08T15:32:53Z","message":"✅ Loaded .env successfully"}
{"level":"info","time":"2026-07-08T15:32:53Z","message":"Database connected"}
{"level":"info","time":"2026-07-08T15:32:53Z","message":"Connected to Redis successfully"}
{"level":"info","addr":":8080","time":"2026-07-08T15:32:53Z","message":"🍺 Server is running"}
{"level":"info","env_path":"/app/.env","time":"2026-07-08T15:33:01Z","message":"✅ Loaded .env successfully"}
{"level":"info","time":"2026-07-08T15:33:01Z","message":"Database connected"}
{"level":"info","time":"2026-07-08T15:33:01Z","message":"Connected to Redis successfully"}
{"level":"info","addr":":8080","time":"2026-07-08T15:33:01Z","message":"🍺 Server is running"}
{"level":"info","env_path":"/app/.env","time":"2026-07-08T15:33:17Z","message":"✅ Loaded .env successfully"}
{"level":"info","time":"2026-07-08T15:33:17Z","message":"Database connected"}
{"level":"info","time":"2026-07-08T15:33:17Z","message":"Connected to Redis successfully"}
{"level":"info","addr":":8080","time":"2026-07-08T15:33:17Z","message":"🍺 Server is running"}
{"level":"info","env_path":"/app/.env","time":"2026-07-08T15:34:35Z","message":"✅ Loaded .env successfully"}
{"level":"info","time":"2026-07-08T15:34:35Z","message":"Database connected"}
{"level":"info","time":"2026-07-08T15:34:35Z","message":"Connected to Redis successfully"}
{"level":"info","addr":":8080","time":"2026-07-08T15:34:35Z","message":"🍺 Server is running"}
{"level":"info","env_path":"/app/.env","time":"2026-07-08T15:34:54Z","message":"✅ Loaded .env successfully"}
{"level":"info","time":"2026-07-08T15:34:54Z","message":"Database connected"}
{"level":"info","time":"2026-07-08T15:34:54Z","message":"Connected to Redis successfully"}
{"level":"info","addr":":8080","time":"2026-07-08T15:34:54Z","message":"🍺 Server is running"}
{"level":"info","env_path":"/app/.env","time":"2026-07-08T15:35:15Z","message":"✅ Loaded .env successfully"}
{"level":"info","time":"2026-07-08T15:35:15Z","message":"Database connected"}
{"level":"info","time":"2026-07-08T15:35:15Z","message":"Connected to Redis successfully"}
{"level":"info","addr":":8080","time":"2026-07-08T15:35:15Z","message":"🍺 Server is running"}
{"level":"info","env_path":"/app/.env","time":"2026-07-08T15:35:35Z","message":"✅ Loaded .env successfully"}
{"level":"info","time":"2026-07-08T15:35:35Z","message":"Database connected"}
{"level":"info","time":"2026-07-08T15:35:35Z","message":"Connected to Redis successfully"}
{"level":"info","addr":":8080","time":"2026-07-08T15:35:35Z","message":"🍺 Server is running"}
{"level":"info","env_path":"/app/.env","time":"2026-07-08T15:35:45Z","message":"✅ Loaded .env successfully"}
{"level":"info","time":"2026-07-08T15:35:45Z","message":"Database connected"}
{"level":"info","time":"2026-07-08T15:35:45Z","message":"Connected to Redis successfully"}
{"level":"info","addr":":8080","time":"2026-07-08T15:35:45Z","message":"🍺 Server is running"}
{"level":"info","env_path":"/app/.env","time":"2026-07-08T15:36:10Z","message":"✅ Loaded .env successfully"}
{"level":"info","time":"2026-07-08T15:36:10Z","message":"Database connected"}
{"level":"info","time":"2026-07-08T15:36:10Z","message":"Connected to Redis successfully"}
{"level":"info","addr":":8080","time":"2026-07-08T15:36:10Z","message":"🍺 Server is running"}
{"level":"info","env_path":"/app/.env","time":"2026-07-08T15:36:37Z","message":"✅ Loaded .env successfully"}
{"level":"info","time":"2026-07-08T15:36:37Z","message":"Database connected"}
{"level":"info","time":"2026-07-08T15:36:37Z","message":"Connected to Redis successfully"}
{"level":"info","addr":":8080","time":"2026-07-08T15:36:37Z","message":"🍺 Server is running"}
{"level":"info","env_path":"/app/.env","time":"2026-07-08T15:36:55Z","message":"✅ Loaded .env successfully"}
{"level":"info","time":"2026-07-08T15:36:55Z","message":"Database connected"}
{"level":"info","time":"2026-07-08T15:36:55Z","message":"Connected to Redis successfully"}
{"level":"info","addr":":8080","time":"2026-07-08T15:36:55Z","message":"🍺 Server is running"}
{"level":"info","env_path":"/app/.env","time":"2026-07-08T15:37:11Z","message":"✅ Loaded .env successfully"}
{"level":"info","time":"2026-07-08T15:37:11Z","message":"Database connected"}
{"level":"info","time":"2026-07-08T15:37:11Z","message":"Connected to Redis successfully"}
{"level":"info","addr":":8080","time":"2026-07-08T15:37:11Z","message":"🍺 Server is running"}
{"level":"info","env_path":"/app/.env","time":"2026-07-08T15:40:34Z","message":"✅ Loaded .env successfully"}
{"level":"info","time":"2026-07-08T15:40:34Z","message":"Database connected"}
{"level":"info","time":"2026-07-08T15:40:34Z","message":"Connected to Redis successfully"}
{"level":"info","addr":":8080","time":"2026-07-08T15:40:34Z","message":"🍺 Server is running"}
{"level":"info","env_path":"/app/.env","time":"2026-07-08T15:40:43Z","message":"✅ Loaded .env successfully"}
{"level":"info","time":"2026-07-08T15:40:43Z","message":"Database connected"}
{"level":"info","time":"2026-07-08T15:40:43Z","message":"Connected to Redis successfully"}
{"level":"info","addr":":8080","time":"2026-07-08T15:40:43Z","message":"🍺 Server is running"}
{"level":"info","env_path":"/app/.env","time":"2026-07-08T15:41:37Z","message":"✅ Loaded .env successfully"}
{"level":"info","time":"2026-07-08T15:41:37Z","message":"Database connected"}
{"level":"info","time":"2026-07-08T15:41:37Z","message":"Connected to Redis successfully"}
{"level":"info","addr":":8080","time":"2026-07-08T15:41:37Z","message":"🍺 Server is running"}
{"level":"info","time":"2026-07-08T15:42:10Z","message":"✅ Loaded .env successfully"}
{"level":"info","time":"2026-07-08T15:42:10Z","message":"Database connected"}
{"level":"info","time":"2026-07-08T15:42:10Z","message":"Connected to Redis successfully"}
{"level":"info","addr":":8080","time":"2026-07-08T15:42:10Z","message":"🍺 Server is running"}
{"level":"info","time":"2026-07-08T15:42:15Z","message":"✅ Loaded .env successfully"}
{"level":"info","time":"2026-07-08T15:42:15Z","message":"Database connected"}
{"level":"info","time":"2026-07-08T15:42:15Z","message":"Connected to Redis successfully"}
{"level":"info","addr":":8080","time":"2026-07-08T15:42:15Z","message":"🍺 Server is running"}
{"level":"info","time":"2026-07-08T15:42:34Z","message":"✅ Loaded .env successfully"}
{"level":"info","time":"2026-07-08T15:42:34Z","message":"Database connected"}
{"level":"info","time":"2026-07-08T15:42:34Z","message":"Connected to Redis successfully"}
{"level":"info","addr":":8080","time":"2026-07-08T15:42:34Z","message":"🍺 Server is running"}
{"level":"info","time":"2026-07-08T15:43:22Z","message":"✅ Loaded .env successfully"}
{"level":"info","time":"2026-07-08T15:43:22Z","message":"Database connected"}
{"level":"info","time":"2026-07-08T15:43:22Z","message":"Connected to Redis successfully"}
{"level":"info","addr":":8080","time":"2026-07-08T15:43:22Z","message":"🍺 Server is running"}
{"level":"info","time":"2026-07-08T15:44:10Z","message":"✅ Loaded .env successfully"}
{"level":"info","time":"2026-07-08T15:44:10Z","message":"Database connected"}
{"level":"info","time":"2026-07-08T15:44:10Z","message":"Connected to Redis successfully"}
{"level":"info","addr":":8080","time":"2026-07-08T15:44:10Z","message":"🍺 Server is running"}
{"level":"info","time":"2026-07-08T15:45:02Z","message":"✅ Loaded .env successfully"}
{"level":"info","time":"2026-07-08T15:45:02Z","message":"Database connected"}
{"level":"info","time":"2026-07-08T15:45:02Z","message":"Connected to Redis successfully"}
{"level":"info","addr":":8080","time":"2026-07-08T15:45:02Z","message":"🍺 Server is running"}
{"level":"info","time":"2026-07-08T15:45:17Z","message":"✅ Loaded .env successfully"}
{"level":"info","time":"2026-07-08T15:45:17Z","message":"Database connected"}
{"level":"info","time":"2026-07-08T15:45:17Z","message":"Connected to Redis successfully"}
{"level":"info","addr":":8080","time":"2026-07-08T15:45:17Z","message":"🍺 Server is running"}
{"level":"info","time":"2026-07-08T15:45:37Z","message":"✅ Loaded .env successfully"}
{"level":"info","time":"2026-07-08T15:45:37Z","message":"Database connected"}
{"level":"info","time":"2026-07-08T15:45:37Z","message":"Connected to Redis successfully"}
{"level":"info","addr":":8080","time":"2026-07-08T15:45:37Z","message":"🍺 Server is running"}
{"level":"info","time":"2026-07-08T15:46:25Z","message":"✅ Loaded .env successfully"}
{"level":"info","time":"2026-07-08T15:46:25Z","message":"Database connected"}
{"level":"info","time":"2026-07-08T15:46:25Z","message":"Connected to Redis successfully"}
{"level":"info","addr":":8080","time":"2026-07-08T15:46:25Z","message":"🍺 Server is running"}
{"level":"info","time":"2026-07-08T15:46:43Z","message":"✅ Loaded .env successfully"}
{"level":"info","time":"2026-07-08T15:46:43Z","message":"Database connected"}
{"level":"info","time":"2026-07-08T15:46:43Z","message":"Connected to Redis successfully"}
{"level":"info","addr":":8080","time":"2026-07-08T15:46:43Z","message":"🍺 Server is running"}
{"level":"info","time":"2026-07-08T15:46:51Z","message":"✅ Loaded .env successfully"}
{"level":"info","time":"2026-07-08T15:46:51Z","message":"Database connected"}
{"level":"info","time":"2026-07-08T15:46:51Z","message":"Connected to Redis successfully"}
{"level":"info","addr":":8080","time":"2026-07-08T15:46:51Z","message":"🍺 Server is running"}
{"level":"info","time":"2026-07-08T15:47:00Z","message":"✅ Loaded .env successfully"}
{"level":"info","time":"2026-07-08T15:47:00Z","message":"Database connected"}
{"level":"info","time":"2026-07-08T15:47:00Z","message":"Connected to Redis successfully"}
{"level":"info","addr":":8080","time":"2026-07-08T15:47:00Z","message":"🍺 Server is running"}
{"level":"info","time":"2026-07-08T15:47:15Z","message":"✅ Loaded .env successfully"}
{"level":"info","time":"2026-07-08T15:47:15Z","message":"Database connected"}
{"level":"info","time":"2026-07-08T15:47:15Z","message":"Connected to Redis successfully"}
{"level":"info","addr":":8080","time":"2026-07-08T15:47:15Z","message":"🍺 Server is running"}
{"level":"info","time":"2026-07-08T15:47:53Z","message":"✅ Loaded .env successfully"}
{"level":"info","time":"2026-07-08T15:47:53Z","message":"Database connected"}
{"level":"info","time":"2026-07-08T15:47:53Z","message":"Connected to Redis successfully"}
{"level":"info","addr":":8080","time":"2026-07-08T15:47:53Z","message":"🍺 Server is running"}
{"level":"info","time":"2026-07-08T15:47:59Z","message":"✅ Loaded .env successfully"}
{"level":"info","time":"2026-07-08T15:47:59Z","message":"Database connected"}
{"level":"info","time":"2026-07-08T15:47:59Z","message":"Connected to Redis successfully"}
{"level":"info","addr":":8080","time":"2026-07-08T15:47:59Z","message":"🍺 Server is running"}
{"level":"info","time":"2026-07-08T15:48:08Z","message":"✅ Loaded .env successfully"}
{"level":"info","time":"2026-07-08T15:48:08Z","message":"Database connected"}
{"level":"info","time":"2026-07-08T15:48:08Z","message":"Connected to Redis successfully"}
{"level":"info","addr":":8080","time":"2026-07-08T15:48:08Z","message":"🍺 Server is running"}
{"level":"info","time":"2026-07-08T15:49:09Z","message":"✅ Loaded .env successfully"}
{"level":"info","time":"2026-07-08T15:49:09Z","message":"Database connected"}
{"level":"info","time":"2026-07-08T15:49:09Z","message":"Connected to Redis successfully"}
{"level":"info","addr":":8080","time":"2026-07-08T15:49:09Z","message":"🍺 Server is running"}
{"level":"info","time":"2026-07-08T15:49:16Z","message":"✅ Loaded .env successfully"}
{"level":"info","time":"2026-07-08T15:49:16Z","message":"Database connected"}
{"level":"info","time":"2026-07-08T15:49:16Z","message":"Connected to Redis successfully"}
{"level":"info","addr":":8080","time":"2026-07-08T15:49:16Z","message":"🍺 Server is running"}
{"level":"info","time":"2026-07-08T15:54:50Z","message":"✅ Loaded .env successfully"}
{"level":"info","time":"2026-07-08T15:55:01Z","message":"✅ Loaded .env successfully"}
{"level":"info","time":"2026-07-08T15:55:01Z","message":"Database connected"}
{"level":"info","time":"2026-07-08T15:55:01Z","message":"Connected to Redis successfully"}
{"level":"info","addr":":8080","time":"2026-07-08T15:55:01Z","message":"🍺 Server is running"}
{"level":"info","time":"2026-07-08T15:57:42Z","message":"✅ Loaded .env successfully"}
{"level":"info","time":"2026-07-08T15:57:42Z","message":"Database connected"}
{"level":"info","time":"2026-07-08T15:57:42Z","message":"Connected to Redis successfully"}
{"level":"info","addr":":8080","time":"2026-07-08T15:57:42Z","message":"🍺 Server is running"}
{"level":"info","time":"2026-07-08T15:57:43Z","message":"✅ Loaded .env successfully"}
{"level":"info","time":"2026-07-08T15:58:10Z","message":"✅ Loaded .env successfully"}
{"level":"info","time":"2026-07-08T15:58:10Z","message":"✅ Loaded .env successfully"}
{"level":"info","time":"2026-07-08T15:58:10Z","message":"Database connected"}
{"level":"info","time":"2026-07-08T15:58:10Z","message":"Connected to Redis successfully"}
{"level":"info","addr":":8080","time":"2026-07-08T15:58:10Z","message":"🍺 Server is running"}
{"level":"info","time":"2026-07-08T15:58:16Z","message":"✅ Loaded .env successfully"}
{"level":"info","time":"2026-07-08T15:58:16Z","message":"✅ Loaded .env successfully"}
{"level":"info","time":"2026-07-08T15:58:16Z","message":"Database connected"}
{"level":"info","time":"2026-07-08T15:58:16Z","message":"Connected to Redis successfully"}
{"level":"info","addr":":8080","time":"2026-07-08T15:58:16Z","message":"🍺 Server is running"}
{"level":"info","time":"2026-07-08T15:58:31Z","message":"✅ Loaded .env successfully"}
{"level":"info","time":"2026-07-08T15:58:31Z","message":"Database connected"}
{"level":"info","time":"2026-07-08T15:58:31Z","message":"Connected to Redis successfully"}
{"level":"info","addr":":8080","time":"2026-07-08T15:58:31Z","message":"🍺 Server is running"}
{"level":"info","time":"2026-07-08T15:58:31Z","message":"✅ Loaded .env successfully"}
{"level":"info","time":"2026-07-09T14:17:12Z","message":"✅ Loaded .env successfully"}
{"level":"info","time":"2026-07-09T14:17:12Z","message":"✅ Loaded .env successfully"}
{"level":"info","time":"2026-07-09T14:17:12Z","message":"Database connected"}
{"level":"info","time":"2026-07-09T14:17:12Z","message":"Connected to Redis successfully"}
{"level":"info","addr":":8080","time":"2026-07-09T14:17:12Z","message":"🍺 Server is running"}
{"level":"info","time":"2026-07-09T14:20:21Z","message":"✅ Loaded .env successfully"}
{"level":"info","time":"2026-07-09T14:20:22Z","message":"✅ Loaded .env successfully"}
{"level":"info","time":"2026-07-09T14:20:22Z","message":"Database connected"}
{"level":"info","time":"2026-07-09T14:20:22Z","message":"Connected to Redis successfully"}
{"level":"info","addr":":8080","time":"2026-07-09T14:20:22Z","message":"🍺 Server is running"}
{"level":"info","time":"2026-07-09T14:21:04Z","message":"✅ Loaded .env successfully"}
{"level":"info","time":"2026-07-09T14:21:05Z","message":"✅ Loaded .env successfully"}
{"level":"info","time":"2026-07-09T14:21:05Z","message":"Database connected"}
{"level":"info","time":"2026-07-09T14:21:05Z","message":"Connected to Redis successfully"}
{"level":"info","addr":":8080","time":"2026-07-09T14:21:05Z","message":"🍺 Server is running"}
{"level":"info","time":"2026-07-09T14:24:22Z","message":"✅ Loaded .env successfully"}
{"level":"info","time":"2026-07-09T14:24:22Z","message":"✅ Loaded .env successfully"}
{"level":"info","time":"2026-07-09T14:24:22Z","message":"Database connected"}
{"level":"info","time":"2026-07-09T14:24:22Z","message":"Connected to Redis successfully"}
{"level":"info","addr":":8080","time":"2026-07-09T14:24:22Z","message":"🍺 Server is running"}
{"level":"info","time":"2026-07-09T14:24:29Z","message":"✅ Loaded .env successfully"}
{"level":"info","time":"2026-07-09T14:24:29Z","message":"✅ Loaded .env successfully"}
{"level":"info","time":"2026-07-09T14:24:29Z","message":"Database connected"}
{"level":"info","time":"2026-07-09T14:24:29Z","message":"Connected to Redis successfully"}
{"level":"info","addr":":8080","time":"2026-07-09T14:24:29Z","message":"🍺 Server is running"}
{"level":"info","time":"2026-07-09T14:25:14Z","message":"✅ Loaded .env successfully"}
{"level":"info","time":"2026-07-09T14:25:14Z","message":"✅ Loaded .env successfully"}
{"level":"info","time":"2026-07-09T14:25:14Z","message":"Database connected"}
{"level":"info","time":"2026-07-09T14:25:14Z","message":"Connected to Redis successfully"}
{"level":"info","addr":":8080","time":"2026-07-09T14:25:14Z","message":"🍺 Server is running"}
{"level":"info","time":"2026-07-09T14:25:23Z","message":"✅ Loaded .env successfully"}
{"level":"info","time":"2026-07-09T14:25:23Z","message":"✅ Loaded .env successfully"}
{"level":"info","time":"2026-07-09T14:25:23Z","message":"Database connected"}
{"level":"info","time":"2026-07-09T14:25:23Z","message":"Connected to Redis successfully"}
{"level":"info","addr":":8080","time":"2026-07-09T14:25:23Z","message":"🍺 Server is running"}
{"level":"info","time":"2026-07-09T14:25:45Z","message":"✅ Loaded .env successfully"}
{"level":"info","time":"2026-07-09T14:25:45Z","message":"✅ Loaded .env successfully"}
{"level":"info","time":"2026-07-09T14:25:45Z","message":"Database connected"}
{"level":"info","time":"2026-07-09T14:25:45Z","message":"Connected to Redis successfully"}
{"level":"info","addr":":8080","time":"2026-07-09T14:25:45Z","message":"🍺 Server is running"}
{"level":"info","time":"2026-07-09T14:26:18Z","message":"✅ Loaded .env successfully"}
{"level":"info","time":"2026-07-09T14:26:18Z","message":"✅ Loaded .env successfully"}
{"level":"info","time":"2026-07-09T14:26:18Z","message":"Database connected"}
{"level":"info","time":"2026-07-09T14:26:18Z","message":"Connected to Redis successfully"}
{"level":"info","addr":":8080","time":"2026-07-09T14:26:18Z","message":"🍺 Server is running"}
{"level":"info","time":"2026-07-09T14:26:22Z","message":"✅ Loaded .env successfully"}
{"level":"info","time":"2026-07-09T14:26:22Z","message":"✅ Loaded .env successfully"}
{"level":"info","time":"2026-07-09T14:26:22Z","message":"Database connected"}
{"level":"info","time":"2026-07-09T14:26:22Z","message":"Connected to Redis successfully"}
{"level":"info","addr":":8080","time":"2026-07-09T14:26:22Z","message":"🍺 Server is running"}
{"level":"info","time":"2026-07-09T14:26:36Z","message":"✅ Loaded .env successfully"}
{"level":"info","time":"2026-07-09T14:26:36Z","message":"✅ Loaded .env successfully"}
{"level":"info","time":"2026-07-09T14:26:36Z","message":"Database connected"}
{"level":"info","time":"2026-07-09T14:26:36Z","message":"Connected to Redis successfully"}
{"level":"info","addr":":8080","time":"2026-07-09T14:26:36Z","message":"🍺 Server is running"}
{"level":"info","time":"2026-07-09T14:26:37Z","message":"✅ Loaded .env successfully"}
{"level":"info","time":"2026-07-09T14:26:37Z","message":"✅ Loaded .env successfully"}
{"level":"info","time":"2026-07-09T14:26:37Z","message":"Database connected"}
{"level":"info","time":"2026-07-09T14:26:37Z","message":"Connected to Redis successfully"}
{"level":"info","addr":":8080","time":"2026-07-09T14:26:37Z","message":"🍺 Server is running"}
{"level":"info","time":"2026-07-09T14:27:10Z","message":"✅ Loaded .env successfully"}
{"level":"info","time":"2026-07-09T14:27:10Z","message":"✅ Loaded .env successfully"}
{"level":"info","time":"2026-07-09T14:27:10Z","message":"Database connected"}
{"level":"info","time":"2026-07-09T14:27:10Z","message":"Connected to Redis successfully"}
{"level":"info","addr":":8080","time":"2026-07-09T14:27:10Z","message":"🍺 Server is running"}
{"level":"info","time":"2026-07-09T14:27:16Z","message":"✅ Loaded .env successfully"}
{"level":"info","time":"2026-07-09T14:27:17Z","message":"✅ Loaded .env successfully"}
{"level":"info","time":"2026-07-09T14:27:17Z","message":"Database connected"}
{"level":"info","time":"2026-07-09T14:27:17Z","message":"Connected to Redis successfully"}
{"level":"info","addr":":8080","time":"2026-07-09T14:27:17Z","message":"🍺 Server is running"}
{"level":"info","time":"2026-07-09T14:28:12Z","message":"✅ Loaded .env successfully"}
{"level":"info","time":"2026-07-09T14:28:13Z","message":"✅ Loaded .env successfully"}
{"level":"info","time":"2026-07-09T14:28:13Z","message":"Database connected"}
{"level":"info","time":"2026-07-09T14:28:13Z","message":"Connected to Redis successfully"}
{"level":"info","addr":":8080","time":"2026-07-09T14:28:13Z","message":"🍺 Server is running"}
{"level":"info","time":"2026-07-09T14:29:13Z","message":"✅ Loaded .env successfully"}
{"level":"info","time":"2026-07-09T14:29:14Z","message":"✅ Loaded .env successfully"}
{"level":"info","time":"2026-07-09T14:29:14Z","message":"Database connected"}
{"level":"info","time":"2026-07-09T14:29:14Z","message":"Connected to Redis successfully"}
{"level":"info","addr":":8080","time":"2026-07-09T14:29:14Z","message":"🍺 Server is running"}
{"level":"info","time":"2026-07-09T14:29:41Z","message":"✅ Loaded .env successfully"}
{"level":"info","time":"2026-07-09T14:29:41Z","message":"Database connected"}
{"level":"info","time":"2026-07-09T14:29:41Z","message":"Connected to Redis successfully"}
{"level":"info","addr":":8080","time":"2026-07-09T14:29:41Z","message":"🍺 Server is running"}
{"level":"info","time":"2026-07-09T14:29:42Z","message":"✅ Loaded .env successfully"}
{"level":"info","time":"2026-07-09T14:31:24Z","message":"✅ Loaded .env successfully"}
{"level":"info","time":"2026-07-09T14:31:24Z","message":"Database connected"}
{"level":"info","time":"2026-07-09T14:31:24Z","message":"Connected to Redis successfully"}
{"level":"info","addr":":8080","time":"2026-07-09T14:31:24Z","message":"🍺 Server is running"}
{"level":"info","time":"2026-07-09T14:31:25Z","message":"✅ Loaded .env successfully"}
{"level":"info","time":"2026-07-09T14:31:29Z","message":"✅ Loaded .env successfully"}
{"level":"info","time":"2026-07-09T14:31:29Z","message":"✅ Loaded .env successfully"}
{"level":"info","time":"2026-07-09T14:31:29Z","message":"Database connected"}
{"level":"info","time":"2026-07-09T14:31:29Z","message":"Connected to Redis successfully"}
{"level":"info","addr":":8080","time":"2026-07-09T14:31:29Z","message":"🍺 Server is running"}
{"level":"info","time":"2026-07-09T14:31:38Z","message":"✅ Loaded .env successfully"}
{"level":"info","time":"2026-07-09T14:31:38Z","message":"✅ Loaded .env successfully"}
{"level":"info","time":"2026-07-09T14:31:38Z","message":"Database connected"}
{"level":"info","time":"2026-07-09T14:31:38Z","message":"Connected to Redis successfully"}
{"level":"info","addr":":8080","time":"2026-07-09T14:31:38Z","message":"🍺 Server is running"}
{"level":"info","time":"2026-07-09T14:31:42Z","message":"✅ Loaded .env successfully"}
{"level":"info","time":"2026-07-09T14:31:42Z","message":"✅ Loaded .env successfully"}
{"level":"info","time":"2026-07-09T14:31:42Z","message":"Database connected"}
{"level":"info","time":"2026-07-09T14:31:42Z","message":"Connected to Redis successfully"}
{"level":"info","addr":":8080","time":"2026-07-09T14:31:42Z","message":"🍺 Server is running"}
{"level":"info","time":"2026-07-09T14:31:46Z","message":"✅ Loaded .env successfully"}
{"level":"info","time":"2026-07-09T14:31:46Z","message":"✅ Loaded .env successfully"}
{"level":"info","time":"2026-07-09T14:31:46Z","message":"Database connected"}
{"level":"info","time":"2026-07-09T14:31:46Z","message":"Connected to Redis successfully"}
{"level":"info","addr":":8080","time":"2026-07-09T14:31:46Z","message":"🍺 Server is running"}
{"level":"info","time":"2026-07-09T14:31:56Z","message":"✅ Loaded .env successfully"}
{"level":"info","time":"2026-07-09T14:31:56Z","message":"✅ Loaded .env successfully"}
{"level":"info","time":"2026-07-09T14:31:56Z","message":"Database connected"}
{"level":"info","time":"2026-07-09T14:31:56Z","message":"Connected to Redis successfully"}
{"level":"info","addr":":8080","time":"2026-07-09T14:31:56Z","message":"🍺 Server is running"}
{"level":"info","time":"2026-07-09T14:31:59Z","message":"✅ Loaded .env successfully"}
{"level":"info","time":"2026-07-09T14:31:59Z","message":"✅ Loaded .env successfully"}
{"level":"info","time":"2026-07-09T14:31:59Z","message":"Database connected"}
{"level":"info","time":"2026-07-09T14:31:59Z","message":"Connected to Redis successfully"}
{"level":"info","addr":":8080","time":"2026-07-09T14:31:59Z","message":"🍺 Server is running"}
{"level":"info","time":"2026-07-09T14:32:54Z","message":"✅ Loaded .env successfully"}
{"level":"info","time":"2026-07-09T14:32:54Z","message":"Database connected"}
{"level":"info","time":"2026-07-09T14:32:54Z","message":"Connected to Redis successfully"}
{"level":"info","addr":":8080","time":"2026-07-09T14:32:54Z","message":"🍺 Server is running"}
{"level":"info","time":"2026-07-09T14:32:54Z","message":"✅ Loaded .env successfully"}
{"level":"info","time":"2026-07-09T14:33:06Z","message":"✅ Loaded .env successfully"}
{"level":"info","time":"2026-07-09T14:33:06Z","message":"✅ Loaded .env successfully"}
{"level":"info","time":"2026-07-09T14:33:06Z","message":"Database connected"}
{"level":"info","time":"2026-07-09T14:33:06Z","message":"Connected to Redis successfully"}
{"level":"info","addr":":8080","time":"2026-07-09T14:33:06Z","message":"🍺 Server is running"}
{"level":"info","time":"2026-07-09T14:33:25Z","message":"✅ Loaded .env successfully"}
{"level":"info","time":"2026-07-09T14:33:25Z","message":"✅ Loaded .env successfully"}
{"level":"info","time":"2026-07-09T14:33:25Z","message":"Database connected"}
{"level":"info","time":"2026-07-09T14:33:25Z","message":"Connected to Redis successfully"}
{"level":"info","addr":":8080","time":"2026-07-09T14:33:25Z","message":"🍺 Server is running"}
{"level":"info","time":"2026-07-09T14:33:40Z","message":"✅ Loaded .env successfully"}
{"level":"info","time":"2026-07-09T14:33:40Z","message":"✅ Loaded .env successfully"}
{"level":"info","time":"2026-07-09T14:33:40Z","message":"Database connected"}
{"level":"info","time":"2026-07-09T14:33:40Z","message":"Connected to Redis successfully"}
{"level":"info","addr":":8080","time":"2026-07-09T14:33:40Z","message":"🍺 Server is running"}
{"level":"info","time":"2026-07-09T14:34:36Z","message":"✅ Loaded .env successfully"}
{"level":"info","time":"2026-07-09T14:34:36Z","message":"✅ Loaded .env successfully"}
{"level":"info","time":"2026-07-09T14:34:36Z","message":"Database connected"}
{"level":"info","time":"2026-07-09T14:34:36Z","message":"Connected to Redis successfully"}
{"level":"info","addr":":8080","time":"2026-07-09T14:34:36Z","message":"🍺 Server is running"}
{"level":"info","time":"2026-07-09T14:34:43Z","message":"✅ Loaded .env successfully"}
{"level":"info","time":"2026-07-09T14:34:43Z","message":"✅ Loaded .env successfully"}
{"level":"info","time":"2026-07-09T14:34:43Z","message":"Database connected"}
{"level":"info","time":"2026-07-09T14:34:43Z","message":"Connected to Redis successfully"}
{"level":"info","addr":":8080","time":"2026-07-09T14:34:43Z","message":"🍺 Server is running"}
{"level":"info","time":"2026-07-09T14:35:29Z","message":"✅ Loaded .env successfully"}
{"level":"info","time":"2026-07-09T14:35:29Z","message":"✅ Loaded .env successfully"}
{"level":"info","time":"2026-07-09T14:35:29Z","message":"Database connected"}
{"level":"info","time":"2026-07-09T14:35:29Z","message":"Connected to Redis successfully"}
{"level":"info","addr":":8080","time":"2026-07-09T14:35:29Z","message":"🍺 Server is running"}
{"level":"info","time":"2026-07-09T14:35:46Z","message":"✅ Loaded .env successfully"}
{"level":"info","time":"2026-07-09T14:35:46Z","message":"✅ Loaded .env successfully"}
{"level":"info","time":"2026-07-09T14:35:46Z","message":"Database connected"}
{"level":"info","time":"2026-07-09T14:35:46Z","message":"Connected to Redis successfully"}
{"level":"info","addr":":8080","time":"2026-07-09T14:35:46Z","message":"🍺 Server is running"}
{"level":"info","time":"2026-07-09T14:35:49Z","message":"✅ Loaded .env successfully"}
{"level":"info","time":"2026-07-09T14:35:49Z","message":"✅ Loaded .env successfully"}
{"level":"info","time":"2026-07-09T14:35:49Z","message":"Database connected"}
{"level":"info","time":"2026-07-09T14:35:49Z","message":"Connected to Redis successfully"}
{"level":"info","addr":":8080","time":"2026-07-09T14:35:49Z","message":"🍺 Server is running"}
{"level":"info","time":"2026-07-09T14:36:35Z","message":"✅ Loaded .env successfully"}
{"level":"info","time":"2026-07-09T14:36:35Z","message":"✅ Loaded .env successfully"}
{"level":"info","time":"2026-07-09T14:36:35Z","message":"Database connected"}
{"level":"info","time":"2026-07-09T14:36:35Z","message":"Connected to Redis successfully"}
{"level":"info","addr":":8080","time":"2026-07-09T14:36:35Z","message":"🍺 Server is running"}
{"level":"info","time":"2026-07-09T14:36:45Z","message":"✅ Loaded .env successfully"}
{"level":"info","time":"2026-07-09T14:36:45Z","message":"✅ Loaded .env successfully"}
{"level":"info","time":"2026-07-09T14:36:45Z","message":"Database connected"}
{"level":"info","time":"2026-07-09T14:36:45Z","message":"Connected to Redis successfully"}
{"level":"info","addr":":8080","time":"2026-07-09T14:36:45Z","message":"🍺 Server is running"}
{"level":"info","time":"2026-07-09T14:36:56Z","message":"✅ Loaded .env successfully"}
{"level":"info","time":"2026-07-09T14:36:56Z","message":"✅ Loaded .env successfully"}
{"level":"info","time":"2026-07-09T14:36:56Z","message":"Database connected"}
{"level":"info","time":"2026-07-09T14:36:56Z","message":"Connected to Redis successfully"}
{"level":"info","addr":":8080","time":"2026-07-09T14:36:56Z","message":"🍺 Server is running"}
{"level":"info","time":"2026-07-09T14:37:59Z","message":"✅ Loaded .env successfully"}
{"level":"info","time":"2026-07-09T14:37:59Z","message":"✅ Loaded .env successfully"}
{"level":"info","time":"2026-07-09T14:37:59Z","message":"Database connected"}
{"level":"info","time":"2026-07-09T14:37:59Z","message":"Connected to Redis successfully"}
{"level":"info","addr":":8080","time":"2026-07-09T14:37:59Z","message":"🍺 Server is running"}
{"level":"info","time":"2026-07-09T14:38:09Z","message":"✅ Loaded .env successfully"}
{"level":"info","time":"2026-07-09T14:38:09Z","message":"✅ Loaded .env successfully"}
{"level":"info","time":"2026-07-09T14:38:09Z","message":"Database connected"}
{"level":"info","time":"2026-07-09T14:38:09Z","message":"Connected to Redis successfully"}
{"level":"info","addr":":8080","time":"2026-07-09T14:38:09Z","message":"🍺 Server is running"}
{"level":"info","time":"2026-07-09T14:38:16Z","message":"✅ Loaded .env successfully"}
{"level":"info","time":"2026-07-09T14:38:16Z","message":"✅ Loaded .env successfully"}
{"level":"info","time":"2026-07-09T14:38:16Z","message":"Database connected"}
{"level":"info","time":"2026-07-09T14:38:16Z","message":"Connected to Redis successfully"}
{"level":"info","addr":":8080","time":"2026-07-09T14:38:16Z","message":"🍺 Server is running"}
{"level":"info","time":"2026-07-09T14:38:48Z","message":"✅ Loaded .env successfully"}
{"level":"info","time":"2026-07-09T14:38:48Z","message":"✅ Loaded .env successfully"}
{"level":"info","time":"2026-07-09T14:38:48Z","message":"Database connected"}
{"level":"info","time":"2026-07-09T14:38:48Z","message":"Connected to Redis successfully"}
{"level":"info","addr":":8080","time":"2026-07-09T14:38:48Z","message":"🍺 Server is running"}
{"level":"info","time":"2026-07-09T14:39:06Z","message":"✅ Loaded .env successfully"}
{"level":"info","time":"2026-07-09T14:39:06Z","message":"✅ Loaded .env successfully"}
{"level":"info","time":"2026-07-09T14:39:06Z","message":"Database connected"}
{"level":"info","time":"2026-07-09T14:39:06Z","message":"Connected to Redis successfully"}
{"level":"info","addr":":8080","time":"2026-07-09T14:39:06Z","message":"🍺 Server is running"}
{"level":"info","time":"2026-07-09T14:40:39Z","message":"✅ Loaded .env successfully"}
{"level":"info","time":"2026-07-09T14:40:40Z","message":"✅ Loaded .env successfully"}
{"level":"info","time":"2026-07-09T14:40:40Z","message":"Database connected"}
{"level":"info","time":"2026-07-09T14:40:40Z","message":"Connected to Redis successfully"}
{"level":"info","addr":":8080","time":"2026-07-09T14:40:40Z","message":"🍺 Server is running"}
{"level":"info","time":"2026-07-09T14:40:46Z","message":"✅ Loaded .env successfully"}
{"level":"info","time":"2026-07-09T14:40:46Z","message":"✅ Loaded .env successfully"}
{"level":"info","time":"2026-07-09T14:40:46Z","message":"Database connected"}
{"level":"info","time":"2026-07-09T14:40:46Z","message":"Connected to Redis successfully"}
{"level":"info","addr":":8080","time":"2026-07-09T14:40:46Z","message":"🍺 Server is running"}
{"level":"info","time":"2026-07-09T14:41:05Z","message":"✅ Loaded .env successfully"}
{"level":"info","time":"2026-07-09T14:41:05Z","message":"✅ Loaded .env successfully"}
{"level":"info","time":"2026-07-09T14:41:05Z","message":"Database connected"}
{"level":"info","time":"2026-07-09T14:41:05Z","message":"Connected to Redis successfully"}
{"level":"info","addr":":8080","time":"2026-07-09T14:41:05Z","message":"🍺 Server is running"}
{"level":"info","time":"2026-07-09T14:41:36Z","message":"✅ Loaded .env successfully"}
{"level":"info","time":"2026-07-09T14:41:36Z","message":"✅ Loaded .env successfully"}
{"level":"info","time":"2026-07-09T14:41:36Z","message":"Database connected"}
{"level":"info","time":"2026-07-09T14:41:36Z","message":"Connected to Redis successfully"}
{"level":"info","addr":":8080","time":"2026-07-09T14:41:36Z","message":"🍺 Server is running"}
{"level":"info","time":"2026-07-09T14:41:44Z","message":"✅ Loaded .env successfully"}
{"level":"info","time":"2026-07-09T14:41:44Z","message":"✅ Loaded .env successfully"}
{"level":"info","time":"2026-07-09T14:41:44Z","message":"Database connected"}
{"level":"info","time":"2026-07-09T14:41:44Z","message":"Connected to Redis successfully"}
{"level":"info","addr":":8080","time":"2026-07-09T14:41:44Z","message":"🍺 Server is running"}
{"level":"info","time":"2026-07-09T14:42:00Z","message":"✅ Loaded .env successfully"}
{"level":"info","time":"2026-07-09T14:42:00Z","message":"✅ Loaded .env successfully"}
{"level":"info","time":"2026-07-09T14:42:00Z","message":"Database connected"}
{"level":"info","time":"2026-07-09T14:42:00Z","message":"Connected to Redis successfully"}
{"level":"info","addr":":8080","time":"2026-07-09T14:42:00Z","message":"🍺 Server is running"}
{"level":"info","time":"2026-07-09T14:42:42Z","message":"✅ Loaded .env successfully"}
{"level":"info","time":"2026-07-09T14:42:42Z","message":"✅ Loaded .env successfully"}
{"level":"info","time":"2026-07-09T14:42:42Z","message":"Database connected"}
{"level":"info","time":"2026-07-09T14:42:42Z","message":"Connected to Redis successfully"}
{"level":"info","addr":":8080","time":"2026-07-09T14:42:42Z","message":"🍺 Server is running"}
{"level":"info","time":"2026-07-09T14:42:49Z","message":"✅ Loaded .env successfully"}
{"level":"info","time":"2026-07-09T14:42:49Z","message":"✅ Loaded .env successfully"}
{"level":"info","time":"2026-07-09T14:42:49Z","message":"Database connected"}
{"level":"info","time":"2026-07-09T14:42:49Z","message":"Connected to Redis successfully"}
{"level":"info","addr":":8080","time":"2026-07-09T14:42:49Z","message":"🍺 Server is running"}
{"level":"info","time":"2026-07-09T14:43:06Z","message":"✅ Loaded .env successfully"}
{"level":"info","time":"2026-07-09T14:43:06Z","message":"✅ Loaded .env successfully"}
{"level":"info","time":"2026-07-09T14:43:06Z","message":"Database connected"}
{"level":"info","time":"2026-07-09T14:43:06Z","message":"Connected to Redis successfully"}
{"level":"info","addr":":8080","time":"2026-07-09T14:43:06Z","message":"🍺 Server is running"}
{"level":"info","time":"2026-07-09T14:43:32Z","message":"✅ Loaded .env successfully"}
{"level":"info","time":"2026-07-09T14:43:32Z","message":"✅ Loaded .env successfully"}
{"level":"info","time":"2026-07-09T14:43:32Z","message":"Database connected"}
{"level":"info","time":"2026-07-09T14:43:32Z","message":"Connected to Redis successfully"}
{"level":"info","addr":":8080","time":"2026-07-09T14:43:32Z","message":"🍺 Server is running"}
{"level":"info","time":"2026-07-09T14:43:45Z","message":"✅ Loaded .env successfully"}
{"level":"info","time":"2026-07-09T14:43:45Z","message":"Database connected"}
{"level":"info","time":"2026-07-09T14:43:45Z","message":"Connected to Redis successfully"}
{"level":"info","addr":":8080","time":"2026-07-09T14:43:45Z","message":"🍺 Server is running"}
{"level":"info","time":"2026-07-09T14:43:45Z","message":"✅ Loaded .env successfully"}
{"level":"info","time":"2026-07-09T14:45:04Z","message":"✅ Loaded .env successfully"}
{"level":"info","time":"2026-07-09T14:45:04Z","message":"Database connected"}
{"level":"info","time":"2026-07-09T14:45:04Z","message":"Connected to Redis successfully"}
{"level":"info","addr":":8080","time":"2026-07-09T14:45:04Z","message":"🍺 Server is running"}
{"level":"info","time":"2026-07-09T14:45:04Z","message":"✅ Loaded .env successfully"}
{"level":"info","time":"2026-07-09T14:45:32Z","message":"✅ Loaded .env successfully"}
{"level":"info","time":"2026-07-09T14:45:32Z","message":"Database connected"}
{"level":"info","time":"2026-07-09T14:45:32Z","message":"Connected to Redis successfully"}
{"level":"info","addr":":8080","time":"2026-07-09T14:45:32Z","message":"🍺 Server is running"}
{"level":"info","time":"2026-07-09T14:45:33Z","message":"✅ Loaded .env successfully"}
{"level":"info","time":"2026-07-09T14:46:04Z","message":"✅ Loaded .env successfully"}
{"level":"info","time":"2026-07-09T14:46:04Z","message":"✅ Loaded .env successfully"}
{"level":"info","time":"2026-07-09T14:46:04Z","message":"Database connected"}
{"level":"info","time":"2026-07-09T14:46:04Z","message":"Connected to Redis successfully"}
{"level":"info","addr":":8080","time":"2026-07-09T14:46:04Z","message":"🍺 Server is running"}
{"level":"info","time":"2026-07-09T14:46:25Z","message":"✅ Loaded .env successfully"}
{"level":"info","time":"2026-07-09T14:46:25Z","message":"✅ Loaded .env successfully"}
{"level":"info","time":"2026-07-09T14:46:25Z","message":"Database connected"}
{"level":"info","time":"2026-07-09T14:46:25Z","message":"Connected to Redis successfully"}
{"level":"info","addr":":8080","time":"2026-07-09T14:46:25Z","message":"🍺 Server is running"}
{"level":"info","time":"2026-07-09T14:46:35Z","message":"✅ Loaded .env successfully"}
{"level":"info","time":"2026-07-09T14:46:35Z","message":"✅ Loaded .env successfully"}
{"level":"info","time":"2026-07-09T14:46:35Z","message":"Database connected"}
{"level":"info","time":"2026-07-09T14:46:35Z","message":"Connected to Redis successfully"}
{"level":"info","addr":":8080","time":"2026-07-09T14:46:35Z","message":"🍺 Server is running"}
{"level":"info","time":"2026-07-09T14:46:54Z","message":"✅ Loaded .env successfully"}
{"level":"info","time":"2026-07-09T14:46:54Z","message":"✅ Loaded .env successfully"}
{"level":"info","time":"2026-07-09T14:46:54Z","message":"Database connected"}
{"level":"info","time":"2026-07-09T14:46:54Z","message":"Connected to Redis successfully"}
{"level":"info","addr":":8080","time":"2026-07-09T14:46:54Z","message":"🍺 Server is running"}
{"level":"info","time":"2026-07-09T14:47:01Z","message":"✅ Loaded .env successfully"}
{"level":"info","time":"2026-07-09T14:47:01Z","message":"✅ Loaded .env successfully"}
{"level":"info","time":"2026-07-09T14:47:01Z","message":"Database connected"}
{"level":"info","time":"2026-07-09T14:47:01Z","message":"Connected to Redis successfully"}
{"level":"info","addr":":8080","time":"2026-07-09T14:47:01Z","message":"🍺 Server is running"}
{"level":"info","time":"2026-07-09T14:47:09Z","message":"✅ Loaded .env successfully"}
{"level":"info","time":"2026-07-09T14:47:09Z","message":"✅ Loaded .env successfully"}
{"level":"info","time":"2026-07-09T14:47:09Z","message":"Database connected"}
{"level":"info","time":"2026-07-09T14:47:09Z","message":"Connected to Redis successfully"}
{"level":"info","addr":":8080","time":"2026-07-09T14:47:09Z","message":"🍺 Server is running"}
{"level":"info","time":"2026-07-09T14:47:12Z","message":"✅ Loaded .env successfully"}
{"level":"info","time":"2026-07-09T14:47:12Z","message":"✅ Loaded .env successfully"}
{"level":"info","time":"2026-07-09T14:47:12Z","message":"Database connected"}
{"level":"info","time":"2026-07-09T14:47:12Z","message":"Connected to Redis successfully"}
{"level":"info","addr":":8080","time":"2026-07-09T14:47:12Z","message":"🍺 Server is running"}
{"level":"info","time":"2026-07-09T14:47:16Z","message":"✅ Loaded .env successfully"}
{"level":"info","time":"2026-07-09T14:47:16Z","message":"Database connected"}
{"level":"info","time":"2026-07-09T14:47:16Z","message":"Connected to Redis successfully"}
{"level":"info","addr":":8080","time":"2026-07-09T14:47:16Z","message":"🍺 Server is running"}
{"level":"info","time":"2026-07-09T14:47:16Z","message":"✅ Loaded .env successfully"}
{"level":"info","time":"2026-07-09T14:48:11Z","message":"✅ Loaded .env successfully"}
{"level":"info","time":"2026-07-09T14:48:11Z","message":"Database connected"}
{"level":"info","time":"2026-07-09T14:48:11Z","message":"Connected to Redis successfully"}
{"level":"info","addr":":8080","time":"2026-07-09T14:48:11Z","message":"🍺 Server is running"}
{"level":"info","time":"2026-07-09T14:48:12Z","message":"✅ Loaded .env successfully"}
{"level":"info","time":"2026-07-09T14:49:17Z","message":"✅ Loaded .env successfully"}
{"level":"info","time":"2026-07-09T14:49:17Z","message":"Database connected"}
{"level":"info","time":"2026-07-09T14:49:17Z","message":"Connected to Redis successfully"}
{"level":"info","addr":":8080","time":"2026-07-09T14:49:17Z","message":"🍺 Server is running"}
{"level":"info","time":"2026-07-09T14:49:17Z","message":"✅ Loaded .env successfully"}
{"level":"info","time":"2026-07-09T14:49:26Z","message":"✅ Loaded .env successfully"}
{"level":"info","time":"2026-07-09T14:49:26Z","message":"Database connected"}
{"level":"info","time":"2026-07-09T14:49:26Z","message":"Connected to Redis successfully"}
{"level":"info","addr":":8080","time":"2026-07-09T14:49:26Z","message":"🍺 Server is running"}
{"level":"info","time":"2026-07-09T14:49:26Z","message":"✅ Loaded .env successfully"}
{"level":"info","time":"2026-07-09T14:49:51Z","message":"✅ Loaded .env successfully"}
{"level":"info","time":"2026-07-09T14:49:51Z","message":"Database connected"}
{"level":"info","time":"2026-07-09T14:49:51Z","message":"Connected to Redis successfully"}
{"level":"info","addr":":8080","time":"2026-07-09T14:49:51Z","message":"🍺 Server is running"}
{"level":"info","time":"2026-07-09T14:49:51Z","message":"✅ Loaded .env successfully"}
{"level":"info","time":"2026-07-09T14:49:55Z","message":"✅ Loaded .env successfully"}
{"level":"info","time":"2026-07-09T14:49:55Z","message":"Database connected"}
{"level":"info","time":"2026-07-09T14:49:55Z","message":"Connected to Redis successfully"}
{"level":"info","addr":":8080","time":"2026-07-09T14:49:55Z","message":"🍺 Server is running"}
{"level":"info","time":"2026-07-09T14:49:56Z","message":"✅ Loaded .env successfully"}
{"level":"info","time":"2026-07-09T14:50:09Z","message":"✅ Loaded .env successfully"}
{"level":"info","time":"2026-07-09T14:50:10Z","message":"✅ Loaded .env successfully"}
{"level":"info","time":"2026-07-09T14:50:10Z","message":"Database connected"}
{"level":"info","time":"2026-07-09T14:50:10Z","message":"Connected to Redis successfully"}
{"level":"info","addr":":8080","time":"2026-07-09T14:50:10Z","message":"🍺 Server is running"}
{"level":"info","time":"2026-07-09T14:50:31Z","message":"✅ Loaded .env successfully"}
{"level":"info","time":"2026-07-09T14:50:31Z","message":"Database connected"}
{"level":"info","time":"2026-07-09T14:50:31Z","message":"Connected to Redis successfully"}
{"level":"info","addr":":8080","time":"2026-07-09T14:50:31Z","message":"🍺 Server is running"}
{"level":"info","time":"2026-07-09T14:50:32Z","message":"✅ Loaded .env successfully"}
{"level":"info","time":"2026-07-09T14:50:46Z","message":"✅ Loaded .env successfully"}
{"level":"info","time":"2026-07-09T14:50:46Z","message":"Database connected"}
{"level":"info","time":"2026-07-09T14:50:46Z","message":"Connected to Redis successfully"}
{"level":"info","addr":":8080","time":"2026-07-09T14:50:46Z","message":"🍺 Server is running"}
{"level":"info","time":"2026-07-09T14:50:46Z","message":"✅ Loaded .env successfully"}
{"level":"info","time":"2026-07-09T14:52:24Z","message":"✅ Loaded .env successfully"}
{"level":"info","time":"2026-07-09T14:52:24Z","message":"✅ Loaded .env successfully"}
{"level":"info","time":"2026-07-09T14:52:24Z","message":"Database connected"}
{"level":"info","time":"2026-07-09T14:52:24Z","message":"Connected to Redis successfully"}
{"level":"info","addr":":8080","time":"2026-07-09T14:52:24Z","message":"🍺 Server is running"}
{"level":"info","time":"2026-07-09T14:52:48Z","message":"✅ Loaded .env successfully"}
{"level":"info","time":"2026-07-09T14:52:48Z","message":"Database connected"}
{"level":"info","time":"2026-07-09T14:52:48Z","message":"Connected to Redis successfully"}
{"level":"info","addr":":8080","time":"2026-07-09T14:52:48Z","message":"🍺 Server is running"}
{"level":"info","time":"2026-07-09T14:52:49Z","message":"✅ Loaded .env successfully"}
{"level":"info","time":"2026-07-09T14:52:56Z","message":"✅ Loaded .env successfully"}
{"level":"info","time":"2026-07-09T14:52:56Z","message":"✅ Loaded .env successfully"}
{"level":"info","time":"2026-07-09T14:52:56Z","message":"Database connected"}
{"level":"info","time":"2026-07-09T14:52:56Z","message":"Connected to Redis successfully"}
{"level":"info","addr":":8080","time":"2026-07-09T14:52:56Z","message":"🍺 Server is running"}
{"level":"info","time":"2026-07-09T14:53:00Z","message":"✅ Loaded .env successfully"}
{"level":"info","time":"2026-07-09T14:53:00Z","message":"✅ Loaded .env successfully"}
{"level":"info","time":"2026-07-09T14:53:00Z","message":"Database connected"}
{"level":"info","time":"2026-07-09T14:53:00Z","message":"Connected to Redis successfully"}
{"level":"info","addr":":8080","time":"2026-07-09T14:53:00Z","message":"🍺 Server is running"}
{"level":"info","time":"2026-07-09T14:53:25Z","message":"✅ Loaded .env successfully"}
{"level":"info","time":"2026-07-09T14:53:25Z","message":"✅ Loaded .env successfully"}
{"level":"info","time":"2026-07-09T14:53:25Z","message":"Database connected"}
{"level":"info","time":"2026-07-09T14:53:25Z","message":"Connected to Redis successfully"}
{"level":"info","addr":":8080","time":"2026-07-09T14:53:25Z","message":"🍺 Server is running"}
{"level":"info","time":"2026-07-09T14:53:42Z","message":"✅ Loaded .env successfully"}
{"level":"info","time":"2026-07-09T14:53:42Z","message":"Database connected"}
{"level":"info","time":"2026-07-09T14:53:42Z","message":"Connected to Redis successfully"}
{"level":"info","addr":":8080","time":"2026-07-09T14:53:42Z","message":"🍺 Server is running"}
{"level":"info","time":"2026-07-09T14:53:42Z","message":"✅ Loaded .env successfully"}
{"level":"info","time":"2026-07-09T14:54:23Z","message":"✅ Loaded .env successfully"}
{"level":"info","time":"2026-07-09T14:54:23Z","message":"Database connected"}
{"level":"info","time":"2026-07-09T14:54:23Z","message":"Connected to Redis successfully"}
{"level":"info","addr":":8080","time":"2026-07-09T14:54:23Z","message":"🍺 Server is running"}
{"level":"info","time":"2026-07-09T14:54:23Z","message":"✅ Loaded .env successfully"}
{"level":"info","time":"2026-07-09T14:54:49Z","message":"✅ Loaded .env successfully"}
{"level":"info","time":"2026-07-09T14:54:49Z","message":"Database connected"}
{"level":"info","time":"2026-07-09T14:54:49Z","message":"Connected to Redis successfully"}
{"level":"info","addr":":8080","time":"2026-07-09T14:54:49Z","message":"🍺 Server is running"}
{"level":"info","time":"2026-07-09T14:54:50Z","message":"✅ Loaded .env successfully"}
{"level":"info","time":"2026-07-09T14:55:00Z","message":"✅ Loaded .env successfully"}
{"level":"info","time":"2026-07-09T14:55:00Z","message":"✅ Loaded .env successfully"}
{"level":"info","time":"2026-07-09T14:55:00Z","message":"Database connected"}
{"level":"info","time":"2026-07-09T14:55:00Z","message":"Connected to Redis successfully"}
{"level":"info","addr":":8080","time":"2026-07-09T14:55:00Z","message":"🍺 Server is running"}
{"level":"info","time":"2026-07-09T14:56:39Z","message":"✅ Loaded .env successfully"}
{"level":"info","time":"2026-07-09T14:56:39Z","message":"Database connected"}
{"level":"info","time":"2026-07-09T14:56:39Z","message":"Connected to Redis successfully"}
{"level":"info","addr":":8080","time":"2026-07-09T14:56:39Z","message":"🍺 Server is running"}
{"level":"info","time":"2026-07-09T14:56:40Z","message":"✅ Loaded .env successfully"}
{"level":"info","time":"2026-07-09T14:57:18Z","message":"✅ Loaded .env successfully"}
{"level":"info","time":"2026-07-09T14:57:18Z","message":"Database connected"}
{"level":"info","time":"2026-07-09T14:57:18Z","message":"Connected to Redis successfully"}
{"level":"info","addr":":8080","time":"2026-07-09T14:57:18Z","message":"🍺 Server is running"}
{"level":"info","time":"2026-07-09T14:57:18Z","message":"✅ Loaded .env successfully"}
{"level":"info","time":"2026-07-09T14:57:33Z","message":"✅ Loaded .env successfully"}
{"level":"info","time":"2026-07-09T14:57:33Z","message":"✅ Loaded .env successfully"}
{"level":"info","time":"2026-07-09T14:57:33Z","message":"Database connected"}
{"level":"info","time":"2026-07-09T14:57:33Z","message":"Connected to Redis successfully"}
{"level":"info","addr":":8080","time":"2026-07-09T14:57:33Z","message":"🍺 Server is running"}
{"level":"info","time":"2026-07-09T14:57:43Z","message":"✅ Loaded .env successfully"}
{"level":"info","time":"2026-07-09T14:57:43Z","message":"✅ Loaded .env successfully"}
{"level":"info","time":"2026-07-09T14:57:43Z","message":"Database connected"}
{"level":"info","time":"2026-07-09T14:57:43Z","message":"Connected to Redis successfully"}
{"level":"info","addr":":8080","time":"2026-07-09T14:57:43Z","message":"🍺 Server is running"}
{"level":"info","time":"2026-07-09T14:57:57Z","message":"✅ Loaded .env successfully"}
{"level":"info","time":"2026-07-09T14:57:57Z","message":"✅ Loaded .env successfully"}
{"level":"info","time":"2026-07-09T14:57:57Z","message":"Database connected"}
{"level":"info","time":"2026-07-09T14:57:57Z","message":"Connected to Redis successfully"}
{"level":"info","addr":":8080","time":"2026-07-09T14:57:57Z","message":"🍺 Server is running"}
{"level":"info","time":"2026-07-09T14:58:01Z","message":"✅ Loaded .env successfully"}
{"level":"info","time":"2026-07-09T14:58:01Z","message":"Database connected"}
{"level":"info","time":"2026-07-09T14:58:01Z","message":"Connected to Redis successfully"}
{"level":"info","addr":":8080","time":"2026-07-09T14:58:01Z","message":"🍺 Server is running"}
{"level":"info","time":"2026-07-09T14:58:01Z","message":"✅ Loaded .env successfully"}
{"level":"info","time":"2026-07-09T14:58:22Z","message":"✅ Loaded .env successfully"}
{"level":"info","time":"2026-07-09T14:58:22Z","message":"Database connected"}
{"level":"info","time":"2026-07-09T14:58:22Z","message":"Connected to Redis successfully"}
{"level":"info","addr":":8080","time":"2026-07-09T14:58:22Z","message":"🍺 Server is running"}
{"level":"info","time":"2026-07-09T14:58:22Z","message":"✅ Loaded .env successfully"}
{"level":"info","time":"2026-07-09T14:58:54Z","message":"✅ Loaded .env successfully"}
{"level":"info","time":"2026-07-09T14:58:54Z","message":"Database connected"}
{"level":"info","time":"2026-07-09T14:58:54Z","message":"Connected to Redis successfully"}
{"level":"info","addr":":8080","time":"2026-07-09T14:58:54Z","message":"🍺 Server is running"}
{"level":"info","time":"2026-07-09T14:58:55Z","message":"✅ Loaded .env successfully"}
{"level":"info","time":"2026-07-09T14:58:58Z","message":"✅ Loaded .env successfully"}
{"level":"info","time":"2026-07-09T14:58:58Z","message":"Database connected"}
{"level":"info","time":"2026-07-09T14:58:58Z","message":"Connected to Redis successfully"}
{"level":"info","addr":":8080","time":"2026-07-09T14:58:58Z","message":"🍺 Server is running"}
{"level":"info","time":"2026-07-09T14:58:58Z","message":"✅ Loaded .env successfully"}
{"level":"info","time":"2026-07-09T14:59:42Z","message":"✅ Loaded .env successfully"}
{"level":"info","time":"2026-07-09T14:59:42Z","message":"Database connected"}
{"level":"info","time":"2026-07-09T14:59:42Z","message":"Connected to Redis successfully"}
{"level":"info","addr":":8080","time":"2026-07-09T14:59:42Z","message":"🍺 Server is running"}
{"level":"info","time":"2026-07-09T14:59:43Z","message":"✅ Loaded .env successfully"}
{"level":"info","time":"2026-07-09T15:00:09Z","message":"✅ Loaded .env successfully"}
{"level":"info","time":"2026-07-09T15:00:09Z","message":"✅ Loaded .env successfully"}
{"level":"info","time":"2026-07-09T15:00:09Z","message":"Database connected"}
{"level":"info","time":"2026-07-09T15:00:09Z","message":"Connected to Redis successfully"}
{"level":"info","addr":":8080","time":"2026-07-09T15:00:09Z","message":"🍺 Server is running"}
{"level":"info","time":"2026-07-09T15:00:19Z","message":"✅ Loaded .env successfully"}
{"level":"info","time":"2026-07-09T15:00:19Z","message":"✅ Loaded .env successfully"}
{"level":"info","time":"2026-07-09T15:00:19Z","message":"Database connected"}
{"level":"info","time":"2026-07-09T15:00:19Z","message":"Connected to Redis successfully"}
{"level":"info","addr":":8080","time":"2026-07-09T15:00:19Z","message":"🍺 Server is running"}
{"level":"info","time":"2026-07-09T15:08:41Z","message":"✅ Loaded .env successfully"}
{"level":"info","time":"2026-07-09T15:08:41Z","message":"Database connected"}
{"level":"info","time":"2026-07-09T15:08:41Z","message":"Connected to Redis successfully"}
{"level":"info","addr":":8080","time":"2026-07-09T15:08:41Z","message":"🍺 Server is running"}
{"level":"info","time":"2026-07-09T15:08:42Z","message":"✅ Loaded .env successfully"}
{"level":"info","time":"2026-07-09T15:52:11Z","message":"✅ Loaded .env successfully"}
{"level":"info","time":"2026-07-09T15:52:11Z","message":"Database connected"}
{"level":"info","time":"2026-07-09T15:52:11Z","message":"Connected to Redis successfully"}
{"level":"info","addr":":8080","time":"2026-07-09T15:52:11Z","message":"🍺 Server is running"}
{"level":"info","time":"2026-07-09T15:52:13Z","message":"✅ Loaded .env successfully"}
{"level":"info","time":"2026-07-09T16:02:03Z","message":"✅ Loaded .env successfully"}
{"level":"info","time":"2026-07-09T16:02:03Z","message":"✅ Loaded .env successfully"}
{"level":"info","time":"2026-07-09T16:02:03Z","message":"Database connected"}
{"level":"info","time":"2026-07-09T16:02:03Z","message":"Connected to Redis successfully"}
{"level":"info","addr":":8080","time":"2026-07-09T16:02:03Z","message":"🍺 Server is running"}
{"level":"info","time":"2026-07-09T16:02:45Z","message":"✅ Loaded .env successfully"}
{"level":"info","time":"2026-07-09T16:02:45Z","message":"✅ Loaded .env successfully"}
{"level":"info","time":"2026-07-09T16:02:45Z","message":"Database connected"}
{"level":"info","time":"2026-07-09T16:02:45Z","message":"Connected to Redis successfully"}
{"level":"info","addr":":8080","time":"2026-07-09T16:02:45Z","message":"🍺 Server is running"}
{"level":"info","time":"2026-07-09T16:03:29Z","message":"✅ Loaded .env successfully"}
{"level":"info","time":"2026-07-09T16:03:29Z","message":"✅ Loaded .env successfully"}
{"level":"info","time":"2026-07-09T16:03:29Z","message":"Database connected"}
{"level":"info","time":"2026-07-09T16:03:29Z","message":"Connected to Redis successfully"}
{"level":"info","addr":":8080","time":"2026-07-09T16:03:29Z","message":"🍺 Server is running"}
