{
  "level": "info",
  "trace_id": "",
  "duration": 3.0005,
  "sql_original": "-- name: CreateUser :one\nINSERT INTO users (\n    user_email,\n    user_password,\n    user_fullname,\n    user_age,\n    user_status,\n    user_level\n) VALUES (\n    $1, $2, $3, $4, $5, $6\n) RETURNING user_id, user_uuid, user_email, user_password, user_fullname, user_age, user_status, user_level, user_deleted_at, user_created_at, user_updated_at\n",
  "sql": "INSERT INTO users ( user_email, user_password, user_fullname, user_age, user_status, user_level ) VALUES ( 'nghia1123xnet@gmail.com', '$2a$10$g4vL9j.PrxHmOBZx8wnanO6SbCvLvMrggceI3JuBrAuuJNR9xEt.G', 'nghia1123xnet@gmail.com', 30, 2, 2 ) RETURNING user_id, user_uuid, user_email, user_password, user_fullname, user_age, user_status, user_level, user_deleted_at, user_created_at, user_updated_at",
  "query_name": "CreateUser",
  "operation": "ONE",
  "args": [
    "nghia1123xnet@gmail.com",
    "$2a$10$g4vL9j.PrxHmOBZx8wnanO6SbCvLvMrggceI3JuBrAuuJNR9xEt.G",
    "nghia1123xnet@gmail.com",
    30,
    2,
    2
  ],
  "event": "Query",
  "time": "2026-06-29T16:11:16+07:00",
  "message": "Executed SQL"
}
{"level":"info","trace_id":"5562d65f-b833-470f-a07a-52a1d3dfdae0","duration":5.0975,"sql_original":"-- name: CreateUser :one\nINSERT INTO users (\n    user_email,\n    user_password,\n    user_fullname,\n    user_age,\n    user_status,\n    user_level\n) VALUES (\n    $1, $2, $3, $4, $5, $6\n) RETURNING user_id, user_uuid, user_email, user_password, user_fullname, user_age, user_status, user_level, user_deleted_at, user_created_at, user_updated_at\n","sql":"INSERT INTO users ( user_email, user_password, user_fullname, user_age, user_status, user_level ) VALUES ( 'nghia12333xnet@gmail.com', '$2a$10$7R/ESxRv8e4c.FTMEzs.K.QpgfDO2QfECQAXHVyh/e8P6LZOVtm92', 'nghia12333xnet@gmail.com', 30, 2, 2 ) RETURNING user_id, user_uuid, user_email, user_password, user_fullname, user_age, user_status, user_level, user_deleted_at, user_created_at, user_updated_at","query_name":"CreateUser","operation":"ONE","args":["nghia12333xnet@gmail.com","$2a$10$7R/ESxRv8e4c.FTMEzs.K.QpgfDO2QfECQAXHVyh/e8P6LZOVtm92","nghia12333xnet@gmail.com",30,2,2],"event":"Query","time":"2026-06-29T16:20:35+07:00","message":"Executed SQL"}
{"level":"info","trace_id":"a65a76bd-48cf-4d76-b06a-381610054db6","duration":9.3177,"sql_original":"-- name: CreateUser :one\nINSERT INTO users (\n    user_email,\n    user_password,\n    user_fullname,\n    user_age,\n    user_status,\n    user_level\n) VALUES (\n    $1, $2, $3, $4, $5, $6\n) RETURNING user_id, user_uuid, user_email, user_password, user_fullname, user_age, user_status, user_level, user_deleted_at, user_created_at, user_updated_at\n","sql":"INSERT INTO users ( user_email, user_password, user_fullname, user_age, user_status, user_level ) VALUES ( 'nghia9999xnet@gmail.com', '$2a$10$VTYZh/4xaM7uu.Sbze7DR.ua6AXR6I6wkD/Fyg7bsFso.YC0eDQbC', 'nghia9999xnet@gmail.com', 30, 2, 2 ) RETURNING user_id, user_uuid, user_email, user_password, user_fullname, user_age, user_status, user_level, user_deleted_at, user_created_at, user_updated_at","query_name":"CreateUser","operation":"ONE","args":["nghia9999xnet@gmail.com","$2a$10$VTYZh/4xaM7uu.Sbze7DR.ua6AXR6I6wkD/Fyg7bsFso.YC0eDQbC","nghia9999xnet@gmail.com",30,2,2],"event":"Query","time":"2026-06-29T16:30:44+07:00","message":"Executed SQL"}
